{"C:\\Users\\Admin\\Desktop\\react\\packages\\mini-ahooks\\packages\\hooks\\src\\index.ts": {"path":"C:\\Users\\Admin\\Desktop\\react\\packages\\mini-ahooks\\packages\\hooks\\src\\index.ts","statementMap":{"0":{"start":{"line":1,"column":0},"end":{"line":1,"column":7}},"1":{"start":{"line":2,"column":8},"end":{"line":1,"column":36}}},"fnMap":{},"branchMap":{},"s":{"0":0,"1":0},"f":{},"b":{}}
,"C:\\Users\\Admin\\Desktop\\react\\packages\\mini-ahooks\\packages\\hooks\\src\\useLatest\\index.ts": {"path":"C:\\Users\\Admin\\Desktop\\react\\packages\\mini-ahooks\\packages\\hooks\\src\\useLatest\\index.ts","statementMap":{"0":{"start":{"line":1,"column":0},"end":{"line":1,"column":31}},"1":{"start":{"line":3,"column":14},"end":{"line":3,"column":27}},"2":{"start":{"line":4,"column":4},"end":{"line":4,"column":null}},"3":{"start":{"line":5,"column":4},"end":{"line":5,"column":null}},"4":{"start":{"line":7,"column":0},"end":{"line":7,"column":null}}},"fnMap":{"0":{"name":"useLatest","decl":{"start":{"line":2,"column":9},"end":{"line":2,"column":18}},"loc":{"start":{"line":2,"column":29},"end":{"line":6,"column":1}}}},"branchMap":{},"s":{"0":0,"1":0,"2":0,"3":0,"4":0},"f":{"0":0},"b":{}}
}
